Arguments: 
  /usr/bin/node /usr/share/yarn/bin/yarn.js add

PATH: 
  /home/lara/.local/bin:/usr/local/sbin:/usr/local/bin:/usr/sbin:/usr/bin:/sbin:/bin:/snap/bin:/usr/lib/jvm/java-11-openjdk-amd64/bin:/usr/lib/jvm/java-11-openjdk-amd64/bin:/home/lara/.yarn/bin

Yarn version: 
  1.22.5

Node version: 
  12.19.0

Platform: 
  linux x64

Trace: 
  SyntaxError: /home/lara/Projetao-IFAL-2021/package.json: Unexpected token < in JSON at position 22
      at JSON.parse (<anonymous>)
      at /usr/share/yarn/lib/cli.js:1625:59
      at Generator.next (<anonymous>)
      at step (/usr/share/yarn/lib/cli.js:310:30)
      at /usr/share/yarn/lib/cli.js:321:13

npm manifest: 
  {
    "main": "node_modules/expo/AppEntry.js",
    "scripts": {
      "start": "expo start",
      "android": "expo start --android",
      "ios": "expo start --ios",
      "web": "expo start --web",
      "eject": "expo eject"
    },
    "dependencies": {
      "expo": "~43.0.2",
      "expo-status-bar": "~1.1.0",
      "react": "17.0.1",
      "react-dom": "17.0.1",
      "react-native": "0.64.3",
      "react-native-web": "0.17.1",
      "bcryptjs": "^2.4.3",
      "react-icons": "*",
      "expo-app-auth": "~11.0.3",
      "expo-facebook": "~12.0.3",
      "@expo/vector-icons": "^12.0.0",
      "expo-google-app-auth": "~9.0.0",
      "react-native-screens": "~3.8.0",
      "react-native-elements": "*",
      "@expo-google-fonts/salsa": "*",
      "@react-navigation/native": "*",
      "react-native-vector-icons": "*",
      "@react-navigation/native-stack": "*",
      "react-native-safe-area-context": "3.3.2",
      "react-native-modal-datetime-picker": "*",
      "@react-native-community/datetimepicker": "3.5.2",
      "react-native-bouncy-checkbox": "*"
    },
    "devDependencies": {
      "@babel/core": "^7.12.9"
    },
    "private": true
  }

yarn manifest: 
  No manifest

Lockfile: 
  No lockfile
